0 info it worked if it ends with ok
1 verbose cli [ '/usr/bin/node', '/usr/bin/npm', 'install' ]
2 info using npm@3.5.2
3 info using node@v8.10.0
4 silly loadCurrentTree Starting
5 silly install loadCurrentTree
6 silly install readLocalPackageData
7 silly install normalizeTree
8 silly loadCurrentTree Finishing
9 silly loadIdealTree Starting
10 silly install loadIdealTree
11 silly cloneCurrentTree Starting
12 silly install cloneCurrentTreeToIdealTree
13 silly cloneCurrentTree Finishing
14 silly loadShrinkwrap Starting
15 silly install loadShrinkwrap
16 silly loadShrinkwrap Finishing
17 silly loadAllDepsIntoIdealTree Starting
18 silly install loadAllDepsIntoIdealTree
19 silly fetchNamedPackageData fsevents
20 silly mapToRegistry name fsevents
21 silly mapToRegistry using default registry
22 silly mapToRegistry registry https://registry.npmjs.org/
23 silly mapToRegistry uri https://registry.npmjs.org/fsevents
24 verbose request uri https://registry.npmjs.org/fsevents
25 verbose request no auth needed
26 info attempt registry request try #1 at 1:30:54 PM
27 verbose request id de4dfe3b89c92330
28 verbose etag W/"94b8ac82aeeda1585858ad06e751ee11"
29 verbose lastModified Mon, 14 Oct 2019 00:14:45 GMT
30 http request GET https://registry.npmjs.org/fsevents
31 http 304 https://registry.npmjs.org/fsevents
32 verbose headers { date: 'Mon, 21 Oct 2019 17:30:56 GMT',
32 verbose headers   connection: 'keep-alive',
32 verbose headers   'set-cookie':
32 verbose headers    [ '__cfduid=d352018006299d8cfc6e8c10939d6431a1571679056; expires=Tue, 20-Oct-20 17:30:56 GMT; path=/; domain=.npmjs.org; HttpOnly' ],
32 verbose headers   'cf-cache-status': 'HIT',
32 verbose headers   'cache-control': 'max-age=300',
32 verbose headers   'cf-ray': '5294f656cb28e10a-IAD',
32 verbose headers   age: '4073',
32 verbose headers   etag: '"94b8ac82aeeda1585858ad06e751ee11"',
32 verbose headers   'expect-ct': 'max-age=604800, report-uri="https://report-uri.cloudflare.com/cdn-cgi/beacon/expect-ct"',
32 verbose headers   'last-modified': 'Mon, 14 Oct 2019 00:14:45 GMT',
32 verbose headers   vary: 'accept-encoding, accept',
32 verbose headers   'x-amz-meta-rev': '165-a2b297b1ae8109719aac351bbb43a9dc',
32 verbose headers   server: 'cloudflare' }
33 silly get cb [ 304,
33 silly get   { date: 'Mon, 21 Oct 2019 17:30:56 GMT',
33 silly get     connection: 'keep-alive',
33 silly get     'set-cookie':
33 silly get      [ '__cfduid=d352018006299d8cfc6e8c10939d6431a1571679056; expires=Tue, 20-Oct-20 17:30:56 GMT; path=/; domain=.npmjs.org; HttpOnly' ],
33 silly get     'cf-cache-status': 'HIT',
33 silly get     'cache-control': 'max-age=300',
33 silly get     'cf-ray': '5294f656cb28e10a-IAD',
33 silly get     age: '4073',
33 silly get     etag: '"94b8ac82aeeda1585858ad06e751ee11"',
33 silly get     'expect-ct': 'max-age=604800, report-uri="https://report-uri.cloudflare.com/cdn-cgi/beacon/expect-ct"',
33 silly get     'last-modified': 'Mon, 14 Oct 2019 00:14:45 GMT',
33 silly get     vary: 'accept-encoding, accept',
33 silly get     'x-amz-meta-rev': '165-a2b297b1ae8109719aac351bbb43a9dc',
33 silly get     server: 'cloudflare' } ]
34 verbose etag https://registry.npmjs.org/fsevents from cache
35 verbose get saving fsevents to /home/chungus/.npm/registry.npmjs.org/fsevents/.cache.json
36 silly resolveWithNewModule fsevents@1.2.9 checking installable status
37 silly loadAllDepsIntoIdealTree Finishing
38 silly idealTree:prePrune mern@1.0.0
38 silly idealTree:prePrune ├── abbrev@1.1.1
38 silly idealTree:prePrune ├── accepts@1.3.5
38 silly idealTree:prePrune ├── ansi-align@2.0.0
38 silly idealTree:prePrune ├── ansi-styles@3.2.1
38 silly idealTree:prePrune ├── anymatch@2.0.0
38 silly idealTree:prePrune ├── arr-diff@4.0.0
38 silly idealTree:prePrune ├── arr-flatten@1.1.0
38 silly idealTree:prePrune ├── arr-union@3.1.0
38 silly idealTree:prePrune ├── array-filter@0.0.1
38 silly idealTree:prePrune ├── array-flatten@1.1.1
38 silly idealTree:prePrune ├── array-map@0.0.0
38 silly idealTree:prePrune ├── array-reduce@0.0.0
38 silly idealTree:prePrune ├── array-unique@0.3.2
38 silly idealTree:prePrune ├── assign-symbols@1.0.0
38 silly idealTree:prePrune ├── async-each@1.0.1
38 silly idealTree:prePrune ├── async@2.6.1
38 silly idealTree:prePrune ├── atob@2.1.2
38 silly idealTree:prePrune ├── axios@0.16.2
38 silly idealTree:prePrune ├── babel-polyfill@6.26.0
38 silly idealTree:prePrune ├─┬ babel-runtime@6.26.0
38 silly idealTree:prePrune │ └── regenerator-runtime@0.11.1
38 silly idealTree:prePrune ├── balanced-match@1.0.0
38 silly idealTree:prePrune ├─┬ base@0.11.2
38 silly idealTree:prePrune │ └── define-property@1.0.0
38 silly idealTree:prePrune ├── binary-extensions@1.12.0
38 silly idealTree:prePrune ├── bluebird@3.5.1
38 silly idealTree:prePrune ├─┬ body-parser@1.18.3
38 silly idealTree:prePrune │ ├── iconv-lite@0.4.23
38 silly idealTree:prePrune │ └── qs@6.5.2
38 silly idealTree:prePrune ├── boxen@1.3.0
38 silly idealTree:prePrune ├── brace-expansion@1.1.11
38 silly idealTree:prePrune ├── braces@2.3.2
38 silly idealTree:prePrune ├── bson@1.0.9
38 silly idealTree:prePrune ├── builtin-modules@1.1.1
38 silly idealTree:prePrune ├── bytes@3.0.0
38 silly idealTree:prePrune ├── cache-base@1.0.1
38 silly idealTree:prePrune ├── camelcase@4.1.0
38 silly idealTree:prePrune ├── capture-stack-trace@1.0.1
38 silly idealTree:prePrune ├── chalk@2.4.1
38 silly idealTree:prePrune ├── chokidar@2.0.4
38 silly idealTree:prePrune ├── ci-info@1.6.0
38 silly idealTree:prePrune ├── class-utils@0.3.6
38 silly idealTree:prePrune ├── cli-boxes@1.0.0
38 silly idealTree:prePrune ├── collection-visit@1.0.0
38 silly idealTree:prePrune ├── color-convert@1.9.3
38 silly idealTree:prePrune ├── color-name@1.1.3
38 silly idealTree:prePrune ├── commander@2.6.0
38 silly idealTree:prePrune ├── component-emitter@1.2.1
38 silly idealTree:prePrune ├── concat-map@0.0.1
38 silly idealTree:prePrune ├─┬ concurrently@3.6.1
38 silly idealTree:prePrune │ ├── has-flag@1.0.0
38 silly idealTree:prePrune │ └── supports-color@3.2.3
38 silly idealTree:prePrune ├── configstore@3.1.2
38 silly idealTree:prePrune ├── content-disposition@0.5.2
38 silly idealTree:prePrune ├── content-type@1.0.4
38 silly idealTree:prePrune ├── cookie-signature@1.0.6
38 silly idealTree:prePrune ├── cookie@0.3.1
38 silly idealTree:prePrune ├── copy-descriptor@0.1.1
38 silly idealTree:prePrune ├── core-js@2.5.7
38 silly idealTree:prePrune ├── core-util-is@1.0.2
38 silly idealTree:prePrune ├── create-error-class@3.0.2
38 silly idealTree:prePrune ├── cross-spawn@5.1.0
38 silly idealTree:prePrune ├── crypto-random-string@1.0.0
38 silly idealTree:prePrune ├── date-fns@1.29.0
38 silly idealTree:prePrune ├── debug@2.6.9
38 silly idealTree:prePrune ├── decode-uri-component@0.2.0
38 silly idealTree:prePrune ├── deep-extend@0.6.0
38 silly idealTree:prePrune ├─┬ define-property@0.2.5
38 silly idealTree:prePrune │ ├─┬ is-accessor-descriptor@0.1.6
38 silly idealTree:prePrune │ │ └── kind-of@3.2.2
38 silly idealTree:prePrune │ ├─┬ is-data-descriptor@0.1.4
38 silly idealTree:prePrune │ │ └── kind-of@3.2.2
38 silly idealTree:prePrune │ ├── is-descriptor@0.1.6
38 silly idealTree:prePrune │ └── kind-of@5.1.0
38 silly idealTree:prePrune ├── depd@1.1.2
38 silly idealTree:prePrune ├── destroy@1.0.4
38 silly idealTree:prePrune ├── dot-prop@4.2.0
38 silly idealTree:prePrune ├── duplexer@0.1.1
38 silly idealTree:prePrune ├── duplexer3@0.1.4
38 silly idealTree:prePrune ├── ee-first@1.1.1
38 silly idealTree:prePrune ├── encodeurl@1.0.2
38 silly idealTree:prePrune ├── error-ex@1.3.2
38 silly idealTree:prePrune ├── escape-html@1.0.3
38 silly idealTree:prePrune ├── escape-string-regexp@1.0.5
38 silly idealTree:prePrune ├── etag@1.8.1
38 silly idealTree:prePrune ├── event-stream@3.3.6
38 silly idealTree:prePrune ├── execa@0.7.0
38 silly idealTree:prePrune ├── expand-brackets@2.1.4
38 silly idealTree:prePrune ├─┬ express@4.16.3
38 silly idealTree:prePrune │ ├── body-parser@1.18.2
38 silly idealTree:prePrune │ ├─┬ raw-body@2.3.2
38 silly idealTree:prePrune │ │ ├── depd@1.1.1
38 silly idealTree:prePrune │ │ ├── http-errors@1.6.2
38 silly idealTree:prePrune │ │ ├── setprototypeof@1.0.3
38 silly idealTree:prePrune │ │ └── statuses@1.5.0
38 silly idealTree:prePrune │ └── safe-buffer@5.1.1
38 silly idealTree:prePrune ├── extend-shallow@2.0.1
38 silly idealTree:prePrune ├─┬ extglob@2.0.4
38 silly idealTree:prePrune │ └── define-property@1.0.0
38 silly idealTree:prePrune ├── fill-range@4.0.0
38 silly idealTree:prePrune ├── finalhandler@1.1.1
38 silly idealTree:prePrune ├── flatmap-stream@0.1.0
38 silly idealTree:prePrune ├─┬ follow-redirects@1.5.8
38 silly idealTree:prePrune │ └── debug@3.1.0
38 silly idealTree:prePrune ├── for-in@1.0.2
38 silly idealTree:prePrune ├── forwarded@0.1.2
38 silly idealTree:prePrune ├── fragment-cache@0.2.1
38 silly idealTree:prePrune ├── fresh@0.5.2
38 silly idealTree:prePrune ├── from@0.1.7
38 silly idealTree:prePrune ├── get-stream@3.0.0
38 silly idealTree:prePrune ├── get-value@2.0.6
38 silly idealTree:prePrune ├─┬ glob-parent@3.1.0
38 silly idealTree:prePrune │ └── is-glob@3.1.0
38 silly idealTree:prePrune ├── global-dirs@0.1.1
38 silly idealTree:prePrune ├── got@6.7.1
38 silly idealTree:prePrune ├── graceful-fs@4.1.11
38 silly idealTree:prePrune ├── has-flag@3.0.0
38 silly idealTree:prePrune ├── has-value@1.0.0
38 silly idealTree:prePrune ├─┬ has-values@1.0.0
38 silly idealTree:prePrune │ └── kind-of@4.0.0
38 silly idealTree:prePrune ├── hosted-git-info@2.7.1
38 silly idealTree:prePrune ├─┬ http-errors@1.6.3
38 silly idealTree:prePrune │ └── statuses@1.5.0
38 silly idealTree:prePrune ├── iconv-lite@0.4.19
38 silly idealTree:prePrune ├── if-env@1.0.4
38 silly idealTree:prePrune ├── ignore-by-default@1.0.1
38 silly idealTree:prePrune ├── import-lazy@2.1.0
38 silly idealTree:prePrune ├── imurmurhash@0.1.4
38 silly idealTree:prePrune ├── inherits@2.0.3
38 silly idealTree:prePrune ├── ini@1.3.5
38 silly idealTree:prePrune ├── ipaddr.js@1.8.0
38 silly idealTree:prePrune ├─┬ is-accessor-descriptor@1.0.0
38 silly idealTree:prePrune │ └── kind-of@6.0.2
38 silly idealTree:prePrune ├── is-arrayish@0.2.1
38 silly idealTree:prePrune ├── is-binary-path@1.0.1
38 silly idealTree:prePrune ├── is-buffer@1.1.6
38 silly idealTree:prePrune ├── is-builtin-module@1.0.0
38 silly idealTree:prePrune ├── is-ci@1.2.1
38 silly idealTree:prePrune ├─┬ is-data-descriptor@1.0.0
38 silly idealTree:prePrune │ └── kind-of@6.0.2
38 silly idealTree:prePrune ├─┬ is-descriptor@1.0.2
38 silly idealTree:prePrune │ └── kind-of@6.0.2
38 silly idealTree:prePrune ├── is-extendable@0.1.1
38 silly idealTree:prePrune ├── is-extglob@2.1.1
38 silly idealTree:prePrune ├── is-fullwidth-code-point@2.0.0
38 silly idealTree:prePrune ├── is-glob@4.0.0
38 silly idealTree:prePrune ├── is-installed-globally@0.1.0
38 silly idealTree:prePrune ├── is-npm@1.0.0
38 silly idealTree:prePrune ├── is-number@3.0.0
38 silly idealTree:prePrune ├── is-obj@1.0.1
38 silly idealTree:prePrune ├── is-path-inside@1.0.1
38 silly idealTree:prePrune ├── is-plain-object@2.0.4
38 silly idealTree:prePrune ├── is-redirect@1.0.0
38 silly idealTree:prePrune ├── is-retry-allowed@1.1.0
38 silly idealTree:prePrune ├── is-stream@1.1.0
38 silly idealTree:prePrune ├── is-windows@1.0.2
38 silly idealTree:prePrune ├── isarray@1.0.0
38 silly idealTree:prePrune ├── isexe@2.0.0
38 silly idealTree:prePrune ├── isobject@3.0.1
38 silly idealTree:prePrune ├── js-tokens@4.0.0
38 silly idealTree:prePrune ├── json-parse-better-errors@1.0.2
38 silly idealTree:prePrune ├── jsonify@0.0.0
38 silly idealTree:prePrune ├── kareem@2.2.1
38 silly idealTree:prePrune ├── kind-of@3.2.2
38 silly idealTree:prePrune ├── latest-version@3.1.0
38 silly idealTree:prePrune ├── load-json-file@4.0.0
38 silly idealTree:prePrune ├── lodash.debounce@4.0.8
38 silly idealTree:prePrune ├── lodash.get@4.4.2
38 silly idealTree:prePrune ├── lodash@4.17.11
38 silly idealTree:prePrune ├── loose-envify@1.4.0
38 silly idealTree:prePrune ├── lowercase-keys@1.0.1
38 silly idealTree:prePrune ├─┬ lru-cache@4.1.3
38 silly idealTree:prePrune │ └── yallist@2.1.2
38 silly idealTree:prePrune ├── make-dir@1.3.0
38 silly idealTree:prePrune ├── map-cache@0.2.2
38 silly idealTree:prePrune ├── map-stream@0.0.7
38 silly idealTree:prePrune ├── map-visit@1.0.0
38 silly idealTree:prePrune ├── media-typer@0.3.0
38 silly idealTree:prePrune ├── memory-pager@1.1.0
38 silly idealTree:prePrune ├── merge-descriptors@1.0.1
38 silly idealTree:prePrune ├── methods@1.1.2
38 silly idealTree:prePrune ├─┬ micromatch@3.1.10
38 silly idealTree:prePrune │ ├── define-property@2.0.2
38 silly idealTree:prePrune │ ├── extend-shallow@3.0.2
38 silly idealTree:prePrune │ ├── is-extendable@1.0.1
38 silly idealTree:prePrune │ └── kind-of@6.0.2
38 silly idealTree:prePrune ├── mime-db@1.36.0
38 silly idealTree:prePrune ├── mime-types@2.1.20
38 silly idealTree:prePrune ├── mime@1.4.1
38 silly idealTree:prePrune ├── minimatch@3.0.4
38 silly idealTree:prePrune ├─┬ mixin-deep@1.3.1
38 silly idealTree:prePrune │ └── is-extendable@1.0.1
38 silly idealTree:prePrune ├── moment@2.22.2
38 silly idealTree:prePrune ├─┬ mongodb-core@3.1.5
38 silly idealTree:prePrune │ └── bson@1.1.0
38 silly idealTree:prePrune ├── mongodb@3.1.6
38 silly idealTree:prePrune ├── mongoose-legacy-pluralize@1.0.2
38 silly idealTree:prePrune ├── mongoose@5.2.17
38 silly idealTree:prePrune ├── mpath@0.5.1
38 silly idealTree:prePrune ├─┬ mquery@3.2.0
38 silly idealTree:prePrune │ └── debug@3.1.0
38 silly idealTree:prePrune ├── ms@2.0.0
38 silly idealTree:prePrune ├─┬ nanomatch@1.2.13
38 silly idealTree:prePrune │ ├── define-property@2.0.2
38 silly idealTree:prePrune │ ├── extend-shallow@3.0.2
38 silly idealTree:prePrune │ ├── is-extendable@1.0.1
38 silly idealTree:prePrune │ └── kind-of@6.0.2
38 silly idealTree:prePrune ├── negotiator@0.6.1
38 silly idealTree:prePrune ├─┬ nodemon@1.18.4
38 silly idealTree:prePrune │ ├── debug@3.2.5
38 silly idealTree:prePrune │ └── ms@2.1.1
38 silly idealTree:prePrune ├── nopt@1.0.10
38 silly idealTree:prePrune ├── normalize-package-data@2.4.0
38 silly idealTree:prePrune ├── normalize-path@2.1.1
38 silly idealTree:prePrune ├── npm-run-all@1.4.0
38 silly idealTree:prePrune ├── npm-run-path@2.0.2
38 silly idealTree:prePrune ├── object-assign@4.1.1
38 silly idealTree:prePrune ├── object-copy@0.1.0
38 silly idealTree:prePrune ├── object-visit@1.0.1
38 silly idealTree:prePrune ├── object.pick@1.3.0
38 silly idealTree:prePrune ├── on-finished@2.3.0
38 silly idealTree:prePrune ├── p-finally@1.0.0
38 silly idealTree:prePrune ├── package-json@4.0.1
38 silly idealTree:prePrune ├── parse-json@4.0.0
38 silly idealTree:prePrune ├── parseurl@1.3.2
38 silly idealTree:prePrune ├── pascalcase@0.1.1
38 silly idealTree:prePrune ├── path-dirname@1.0.2
38 silly idealTree:prePrune ├── path-is-absolute@1.0.1
38 silly idealTree:prePrune ├── path-is-inside@1.0.2
38 silly idealTree:prePrune ├── path-key@2.0.1
38 silly idealTree:prePrune ├── path-to-regexp@0.1.7
38 silly idealTree:prePrune ├── path-type@3.0.0
38 silly idealTree:prePrune ├── pause-stream@0.0.11
38 silly idealTree:prePrune ├── pify@3.0.0
38 silly idealTree:prePrune ├── posix-character-classes@0.1.1
38 silly idealTree:prePrune ├── prepend-http@1.0.4
38 silly idealTree:prePrune ├── process-nextick-args@2.0.0
38 silly idealTree:prePrune ├── prop-types@15.7.2
38 silly idealTree:prePrune ├── proxy-addr@2.0.4
38 silly idealTree:prePrune ├── ps-tree@1.1.0
38 silly idealTree:prePrune ├── pseudomap@1.0.2
38 silly idealTree:prePrune ├── pstree.remy@1.1.0
38 silly idealTree:prePrune ├── qs@6.5.1
38 silly idealTree:prePrune ├── range-parser@1.2.0
38 silly idealTree:prePrune ├─┬ raw-body@2.3.3
38 silly idealTree:prePrune │ └── iconv-lite@0.4.23
38 silly idealTree:prePrune ├─┬ rc@1.2.8
38 silly idealTree:prePrune │ └── minimist@1.2.0
38 silly idealTree:prePrune ├── react-is@16.10.2
38 silly idealTree:prePrune ├── react@16.10.2
38 silly idealTree:prePrune ├── read-pkg@3.0.0
38 silly idealTree:prePrune ├── readable-stream@2.3.6
38 silly idealTree:prePrune ├── readdirp@2.2.1
38 silly idealTree:prePrune ├── regenerator-runtime@0.10.5
38 silly idealTree:prePrune ├─┬ regex-not@1.0.2
38 silly idealTree:prePrune │ ├── extend-shallow@3.0.2
38 silly idealTree:prePrune │ └── is-extendable@1.0.1
38 silly idealTree:prePrune ├── regexp-clone@0.0.1
38 silly idealTree:prePrune ├── registry-auth-token@3.3.2
38 silly idealTree:prePrune ├── registry-url@3.1.0
38 silly idealTree:prePrune ├── remove-trailing-separator@1.1.0
38 silly idealTree:prePrune ├── repeat-element@1.1.3
38 silly idealTree:prePrune ├── repeat-string@1.6.1
38 silly idealTree:prePrune ├── require_optional@1.0.1
38 silly idealTree:prePrune ├── resolve-from@2.0.0
38 silly idealTree:prePrune ├── resolve-url@0.2.1
38 silly idealTree:prePrune ├── ret@0.1.15
38 silly idealTree:prePrune ├── rx@2.3.24
38 silly idealTree:prePrune ├── safe-buffer@5.1.2
38 silly idealTree:prePrune ├── safe-regex@1.1.0
38 silly idealTree:prePrune ├── safer-buffer@2.1.2
38 silly idealTree:prePrune ├── saslprep@1.0.2
38 silly idealTree:prePrune ├── semver-diff@2.1.0
38 silly idealTree:prePrune ├── semver@5.5.1
38 silly idealTree:prePrune ├── send@0.16.2
38 silly idealTree:prePrune ├── serve-static@1.13.2
38 silly idealTree:prePrune ├── set-value@2.0.0
38 silly idealTree:prePrune ├── setprototypeof@1.1.0
38 silly idealTree:prePrune ├── shebang-command@1.2.0
38 silly idealTree:prePrune ├── shebang-regex@1.0.0
38 silly idealTree:prePrune ├── shell-quote@1.6.1
38 silly idealTree:prePrune ├── signal-exit@3.0.2
38 silly idealTree:prePrune ├── sliced@1.0.1
38 silly idealTree:prePrune ├─┬ snapdragon-node@2.1.1
38 silly idealTree:prePrune │ └── define-property@1.0.0
38 silly idealTree:prePrune ├── snapdragon-util@3.0.1
38 silly idealTree:prePrune ├── snapdragon@0.8.2
38 silly idealTree:prePrune ├── source-map-resolve@0.5.2
38 silly idealTree:prePrune ├── source-map-url@0.4.0
38 silly idealTree:prePrune ├── source-map@0.5.7
38 silly idealTree:prePrune ├── sparse-bitfield@3.0.3
38 silly idealTree:prePrune ├── spawn-command@0.0.2-1
38 silly idealTree:prePrune ├── spdx-correct@3.0.0
38 silly idealTree:prePrune ├── spdx-exceptions@2.1.0
38 silly idealTree:prePrune ├── spdx-expression-parse@3.0.0
38 silly idealTree:prePrune ├── spdx-license-ids@3.0.1
38 silly idealTree:prePrune ├─┬ split-string@3.1.0
38 silly idealTree:prePrune │ ├── extend-shallow@3.0.2
38 silly idealTree:prePrune │ └── is-extendable@1.0.1
38 silly idealTree:prePrune ├── split@1.0.1
38 silly idealTree:prePrune ├── static-extend@0.1.2
38 silly idealTree:prePrune ├── statuses@1.4.0
38 silly idealTree:prePrune ├── stream-combiner@0.2.2
38 silly idealTree:prePrune ├── string_decoder@1.1.1
38 silly idealTree:prePrune ├─┬ string-width@2.1.1
38 silly idealTree:prePrune │ ├── ansi-regex@3.0.0
38 silly idealTree:prePrune │ └── strip-ansi@4.0.0
38 silly idealTree:prePrune ├── strip-bom@3.0.0
38 silly idealTree:prePrune ├── strip-eof@1.0.0
38 silly idealTree:prePrune ├── strip-json-comments@2.0.1
38 silly idealTree:prePrune ├── supports-color@5.5.0
38 silly idealTree:prePrune ├── term-size@1.2.0
38 silly idealTree:prePrune ├── through@2.3.8
38 silly idealTree:prePrune ├── timed-out@4.0.1
38 silly idealTree:prePrune ├── to-object-path@0.3.0
38 silly idealTree:prePrune ├── to-regex-range@2.1.1
38 silly idealTree:prePrune ├─┬ to-regex@3.0.2
38 silly idealTree:prePrune │ ├── define-property@2.0.2
38 silly idealTree:prePrune │ ├── extend-shallow@3.0.2
38 silly idealTree:prePrune │ └── is-extendable@1.0.1
38 silly idealTree:prePrune ├── touch@3.1.0
38 silly idealTree:prePrune ├── tree-kill@1.2.0
38 silly idealTree:prePrune ├── type-is@1.6.16
38 silly idealTree:prePrune ├── undefsafe@2.0.2
38 silly idealTree:prePrune ├─┬ union-value@1.0.0
38 silly idealTree:prePrune │ └── set-value@0.4.3
38 silly idealTree:prePrune ├── unique-string@1.0.0
38 silly idealTree:prePrune ├── unpipe@1.0.0
38 silly idealTree:prePrune ├─┬ unset-value@1.0.0
38 silly idealTree:prePrune │ ├─┬ has-value@0.3.1
38 silly idealTree:prePrune │ │ └── isobject@2.1.0
38 silly idealTree:prePrune │ └── has-values@0.1.4
38 silly idealTree:prePrune ├── unzip-response@2.0.1
38 silly idealTree:prePrune ├── upath@1.1.0
38 silly idealTree:prePrune ├── update-notifier@2.5.0
38 silly idealTree:prePrune ├── urix@0.1.0
38 silly idealTree:prePrune ├── url-parse-lax@1.0.0
38 silly idealTree:prePrune ├── use@3.1.1
38 silly idealTree:prePrune ├── util-deprecate@1.0.2
38 silly idealTree:prePrune ├── utils-merge@1.0.1
38 silly idealTree:prePrune ├── validate-npm-package-license@3.0.4
38 silly idealTree:prePrune ├── vary@1.1.2
38 silly idealTree:prePrune ├── which@1.3.1
38 silly idealTree:prePrune ├── widest-line@2.0.0
38 silly idealTree:prePrune ├── write-file-atomic@2.3.0
38 silly idealTree:prePrune └── xdg-basedir@3.0.0
39 silly loadIdealTree Finishing
40 silly currentTree mern@1.0.0
40 silly currentTree ├── abbrev@1.1.1
40 silly currentTree ├── accepts@1.3.5
40 silly currentTree ├── ansi-align@2.0.0
40 silly currentTree ├── ansi-styles@3.2.1
40 silly currentTree ├── anymatch@2.0.0
40 silly currentTree ├── arr-diff@4.0.0
40 silly currentTree ├── arr-flatten@1.1.0
40 silly currentTree ├── arr-union@3.1.0
40 silly currentTree ├── array-filter@0.0.1
40 silly currentTree ├── array-flatten@1.1.1
40 silly currentTree ├── array-map@0.0.0
40 silly currentTree ├── array-reduce@0.0.0
40 silly currentTree ├── array-unique@0.3.2
40 silly currentTree ├── assign-symbols@1.0.0
40 silly currentTree ├── async-each@1.0.1
40 silly currentTree ├── async@2.6.1
40 silly currentTree ├── atob@2.1.2
40 silly currentTree ├── axios@0.16.2
40 silly currentTree ├── babel-polyfill@6.26.0
40 silly currentTree ├─┬ babel-runtime@6.26.0
40 silly currentTree │ └── regenerator-runtime@0.11.1
40 silly currentTree ├── balanced-match@1.0.0
40 silly currentTree ├─┬ base@0.11.2
40 silly currentTree │ └── define-property@1.0.0
40 silly currentTree ├── binary-extensions@1.12.0
40 silly currentTree ├── bluebird@3.5.1
40 silly currentTree ├─┬ body-parser@1.18.3
40 silly currentTree │ ├── iconv-lite@0.4.23
40 silly currentTree │ └── qs@6.5.2
40 silly currentTree ├── boxen@1.3.0
40 silly currentTree ├── brace-expansion@1.1.11
40 silly currentTree ├── braces@2.3.2
40 silly currentTree ├── bson@1.0.9
40 silly currentTree ├── builtin-modules@1.1.1
40 silly currentTree ├── bytes@3.0.0
40 silly currentTree ├── cache-base@1.0.1
40 silly currentTree ├── camelcase@4.1.0
40 silly currentTree ├── capture-stack-trace@1.0.1
40 silly currentTree ├── chalk@2.4.1
40 silly currentTree ├── chokidar@2.0.4
40 silly currentTree ├── ci-info@1.6.0
40 silly currentTree ├── class-utils@0.3.6
40 silly currentTree ├── cli-boxes@1.0.0
40 silly currentTree ├── collection-visit@1.0.0
40 silly currentTree ├── color-convert@1.9.3
40 silly currentTree ├── color-name@1.1.3
40 silly currentTree ├── commander@2.6.0
40 silly currentTree ├── component-emitter@1.2.1
40 silly currentTree ├── concat-map@0.0.1
40 silly currentTree ├─┬ concurrently@3.6.1
40 silly currentTree │ ├── has-flag@1.0.0
40 silly currentTree │ └── supports-color@3.2.3
40 silly currentTree ├── configstore@3.1.2
40 silly currentTree ├── content-disposition@0.5.2
40 silly currentTree ├── content-type@1.0.4
40 silly currentTree ├── cookie-signature@1.0.6
40 silly currentTree ├── cookie@0.3.1
40 silly currentTree ├── copy-descriptor@0.1.1
40 silly currentTree ├── core-js@2.5.7
40 silly currentTree ├── core-util-is@1.0.2
40 silly currentTree ├── create-error-class@3.0.2
40 silly currentTree ├── cross-spawn@5.1.0
40 silly currentTree ├── crypto-random-string@1.0.0
40 silly currentTree ├── date-fns@1.29.0
40 silly currentTree ├── debug@2.6.9
40 silly currentTree ├── decode-uri-component@0.2.0
40 silly currentTree ├── deep-extend@0.6.0
40 silly currentTree ├─┬ define-property@0.2.5
40 silly currentTree │ ├─┬ is-accessor-descriptor@0.1.6
40 silly currentTree │ │ └── kind-of@3.2.2
40 silly currentTree │ ├─┬ is-data-descriptor@0.1.4
40 silly currentTree │ │ └── kind-of@3.2.2
40 silly currentTree │ ├── is-descriptor@0.1.6
40 silly currentTree │ └── kind-of@5.1.0
40 silly currentTree ├── depd@1.1.2
40 silly currentTree ├── destroy@1.0.4
40 silly currentTree ├── dot-prop@4.2.0
40 silly currentTree ├── duplexer@0.1.1
40 silly currentTree ├── duplexer3@0.1.4
40 silly currentTree ├── ee-first@1.1.1
40 silly currentTree ├── encodeurl@1.0.2
40 silly currentTree ├── error-ex@1.3.2
40 silly currentTree ├── escape-html@1.0.3
40 silly currentTree ├── escape-string-regexp@1.0.5
40 silly currentTree ├── etag@1.8.1
40 silly currentTree ├── event-stream@3.3.6
40 silly currentTree ├── execa@0.7.0
40 silly currentTree ├── expand-brackets@2.1.4
40 silly currentTree ├─┬ express@4.16.3
40 silly currentTree │ ├── body-parser@1.18.2
40 silly currentTree │ ├─┬ raw-body@2.3.2
40 silly currentTree │ │ ├── depd@1.1.1
40 silly currentTree │ │ ├── http-errors@1.6.2
40 silly currentTree │ │ ├── setprototypeof@1.0.3
40 silly currentTree │ │ └── statuses@1.5.0
40 silly currentTree │ └── safe-buffer@5.1.1
40 silly currentTree ├── extend-shallow@2.0.1
40 silly currentTree ├─┬ extglob@2.0.4
40 silly currentTree │ └── define-property@1.0.0
40 silly currentTree ├── fill-range@4.0.0
40 silly currentTree ├── finalhandler@1.1.1
40 silly currentTree ├── flatmap-stream@0.1.0
40 silly currentTree ├─┬ follow-redirects@1.5.8
40 silly currentTree │ └── debug@3.1.0
40 silly currentTree ├── for-in@1.0.2
40 silly currentTree ├── forwarded@0.1.2
40 silly currentTree ├── fragment-cache@0.2.1
40 silly currentTree ├── fresh@0.5.2
40 silly currentTree ├── from@0.1.7
40 silly currentTree ├── get-stream@3.0.0
40 silly currentTree ├── get-value@2.0.6
40 silly currentTree ├─┬ glob-parent@3.1.0
40 silly currentTree │ └── is-glob@3.1.0
40 silly currentTree ├── global-dirs@0.1.1
40 silly currentTree ├── got@6.7.1
40 silly currentTree ├── graceful-fs@4.1.11
40 silly currentTree ├── has-flag@3.0.0
40 silly currentTree ├── has-value@1.0.0
40 silly currentTree ├─┬ has-values@1.0.0
40 silly currentTree │ └── kind-of@4.0.0
40 silly currentTree ├── hosted-git-info@2.7.1
40 silly currentTree ├─┬ http-errors@1.6.3
40 silly currentTree │ └── statuses@1.5.0
40 silly currentTree ├── iconv-lite@0.4.19
40 silly currentTree ├── if-env@1.0.4
40 silly currentTree ├── ignore-by-default@1.0.1
40 silly currentTree ├── import-lazy@2.1.0
40 silly currentTree ├── imurmurhash@0.1.4
40 silly currentTree ├── inherits@2.0.3
40 silly currentTree ├── ini@1.3.5
40 silly currentTree ├── ipaddr.js@1.8.0
40 silly currentTree ├─┬ is-accessor-descriptor@1.0.0
40 silly currentTree │ └── kind-of@6.0.2
40 silly currentTree ├── is-arrayish@0.2.1
40 silly currentTree ├── is-binary-path@1.0.1
40 silly currentTree ├── is-buffer@1.1.6
40 silly currentTree ├── is-builtin-module@1.0.0
40 silly currentTree ├── is-ci@1.2.1
40 silly currentTree ├─┬ is-data-descriptor@1.0.0
40 silly currentTree │ └── kind-of@6.0.2
40 silly currentTree ├─┬ is-descriptor@1.0.2
40 silly currentTree │ └── kind-of@6.0.2
40 silly currentTree ├── is-extendable@0.1.1
40 silly currentTree ├── is-extglob@2.1.1
40 silly currentTree ├── is-fullwidth-code-point@2.0.0
40 silly currentTree ├── is-glob@4.0.0
40 silly currentTree ├── is-installed-globally@0.1.0
40 silly currentTree ├── is-npm@1.0.0
40 silly currentTree ├── is-number@3.0.0
40 silly currentTree ├── is-obj@1.0.1
40 silly currentTree ├── is-path-inside@1.0.1
40 silly currentTree ├── is-plain-object@2.0.4
40 silly currentTree ├── is-redirect@1.0.0
40 silly currentTree ├── is-retry-allowed@1.1.0
40 silly currentTree ├── is-stream@1.1.0
40 silly currentTree ├── is-windows@1.0.2
40 silly currentTree ├── isarray@1.0.0
40 silly currentTree ├── isexe@2.0.0
40 silly currentTree ├── isobject@3.0.1
40 silly currentTree ├── js-tokens@4.0.0
40 silly currentTree ├── json-parse-better-errors@1.0.2
40 silly currentTree ├── jsonify@0.0.0
40 silly currentTree ├── kareem@2.2.1
40 silly currentTree ├── kind-of@3.2.2
40 silly currentTree ├── latest-version@3.1.0
40 silly currentTree ├── load-json-file@4.0.0
40 silly currentTree ├── lodash.debounce@4.0.8
40 silly currentTree ├── lodash.get@4.4.2
40 silly currentTree ├── lodash@4.17.11
40 silly currentTree ├── loose-envify@1.4.0
40 silly currentTree ├── lowercase-keys@1.0.1
40 silly currentTree ├─┬ lru-cache@4.1.3
40 silly currentTree │ └── yallist@2.1.2
40 silly currentTree ├── make-dir@1.3.0
40 silly currentTree ├── map-cache@0.2.2
40 silly currentTree ├── map-stream@0.0.7
40 silly currentTree ├── map-visit@1.0.0
40 silly currentTree ├── media-typer@0.3.0
40 silly currentTree ├── memory-pager@1.1.0
40 silly currentTree ├── merge-descriptors@1.0.1
40 silly currentTree ├── methods@1.1.2
40 silly currentTree ├─┬ micromatch@3.1.10
40 silly currentTree │ ├── define-property@2.0.2
40 silly currentTree │ ├── extend-shallow@3.0.2
40 silly currentTree │ ├── is-extendable@1.0.1
40 silly currentTree │ └── kind-of@6.0.2
40 silly currentTree ├── mime-db@1.36.0
40 silly currentTree ├── mime-types@2.1.20
40 silly currentTree ├── mime@1.4.1
40 silly currentTree ├── minimatch@3.0.4
40 silly currentTree ├─┬ mixin-deep@1.3.1
40 silly currentTree │ └── is-extendable@1.0.1
40 silly currentTree ├── moment@2.22.2
40 silly currentTree ├─┬ mongodb-core@3.1.5
40 silly currentTree │ └── bson@1.1.0
40 silly currentTree ├── mongodb@3.1.6
40 silly currentTree ├── mongoose-legacy-pluralize@1.0.2
40 silly currentTree ├── mongoose@5.2.17
40 silly currentTree ├── mpath@0.5.1
40 silly currentTree ├─┬ mquery@3.2.0
40 silly currentTree │ └── debug@3.1.0
40 silly currentTree ├── ms@2.0.0
40 silly currentTree ├─┬ nanomatch@1.2.13
40 silly currentTree │ ├── define-property@2.0.2
40 silly currentTree │ ├── extend-shallow@3.0.2
40 silly currentTree │ ├── is-extendable@1.0.1
40 silly currentTree │ └── kind-of@6.0.2
40 silly currentTree ├── negotiator@0.6.1
40 silly currentTree ├─┬ nodemon@1.18.4
40 silly currentTree │ ├── debug@3.2.5
40 silly currentTree │ └── ms@2.1.1
40 silly currentTree ├── nopt@1.0.10
40 silly currentTree ├── normalize-package-data@2.4.0
40 silly currentTree ├── normalize-path@2.1.1
40 silly currentTree ├── npm-run-all@1.4.0
40 silly currentTree ├── npm-run-path@2.0.2
40 silly currentTree ├── object-assign@4.1.1
40 silly currentTree ├── object-copy@0.1.0
40 silly currentTree ├── object-visit@1.0.1
40 silly currentTree ├── object.pick@1.3.0
40 silly currentTree ├── on-finished@2.3.0
40 silly currentTree ├── p-finally@1.0.0
40 silly currentTree ├── package-json@4.0.1
40 silly currentTree ├── parse-json@4.0.0
40 silly currentTree ├── parseurl@1.3.2
40 silly currentTree ├── pascalcase@0.1.1
40 silly currentTree ├── path-dirname@1.0.2
40 silly currentTree ├── path-is-absolute@1.0.1
40 silly currentTree ├── path-is-inside@1.0.2
40 silly currentTree ├── path-key@2.0.1
40 silly currentTree ├── path-to-regexp@0.1.7
40 silly currentTree ├── path-type@3.0.0
40 silly currentTree ├── pause-stream@0.0.11
40 silly currentTree ├── pify@3.0.0
40 silly currentTree ├── posix-character-classes@0.1.1
40 silly currentTree ├── prepend-http@1.0.4
40 silly currentTree ├── process-nextick-args@2.0.0
40 silly currentTree ├── prop-types@15.7.2
40 silly currentTree ├── proxy-addr@2.0.4
40 silly currentTree ├── ps-tree@1.1.0
40 silly currentTree ├── pseudomap@1.0.2
40 silly currentTree ├── pstree.remy@1.1.0
40 silly currentTree ├── qs@6.5.1
40 silly currentTree ├── range-parser@1.2.0
40 silly currentTree ├─┬ raw-body@2.3.3
40 silly currentTree │ └── iconv-lite@0.4.23
40 silly currentTree ├─┬ rc@1.2.8
40 silly currentTree │ └── minimist@1.2.0
40 silly currentTree ├── react-is@16.10.2
40 silly currentTree ├── react@16.10.2
40 silly currentTree ├── read-pkg@3.0.0
40 silly currentTree ├── readable-stream@2.3.6
40 silly currentTree ├── readdirp@2.2.1
40 silly currentTree ├── regenerator-runtime@0.10.5
40 silly currentTree ├─┬ regex-not@1.0.2
40 silly currentTree │ ├── extend-shallow@3.0.2
40 silly currentTree │ └── is-extendable@1.0.1
40 silly currentTree ├── regexp-clone@0.0.1
40 silly currentTree ├── registry-auth-token@3.3.2
40 silly currentTree ├── registry-url@3.1.0
40 silly currentTree ├── remove-trailing-separator@1.1.0
40 silly currentTree ├── repeat-element@1.1.3
40 silly currentTree ├── repeat-string@1.6.1
40 silly currentTree ├── require_optional@1.0.1
40 silly currentTree ├── resolve-from@2.0.0
40 silly currentTree ├── resolve-url@0.2.1
40 silly currentTree ├── ret@0.1.15
40 silly currentTree ├── rx@2.3.24
40 silly currentTree ├── safe-buffer@5.1.2
40 silly currentTree ├── safe-regex@1.1.0
40 silly currentTree ├── safer-buffer@2.1.2
40 silly currentTree ├── saslprep@1.0.2
40 silly currentTree ├── semver-diff@2.1.0
40 silly currentTree ├── semver@5.5.1
40 silly currentTree ├── send@0.16.2
40 silly currentTree ├── serve-static@1.13.2
40 silly currentTree ├── set-value@2.0.0
40 silly currentTree ├── setprototypeof@1.1.0
40 silly currentTree ├── shebang-command@1.2.0
40 silly currentTree ├── shebang-regex@1.0.0
40 silly currentTree ├── shell-quote@1.6.1
40 silly currentTree ├── signal-exit@3.0.2
40 silly currentTree ├── sliced@1.0.1
40 silly currentTree ├─┬ snapdragon-node@2.1.1
40 silly currentTree │ └── define-property@1.0.0
40 silly currentTree ├── snapdragon-util@3.0.1
40 silly currentTree ├── snapdragon@0.8.2
40 silly currentTree ├── source-map-resolve@0.5.2
40 silly currentTree ├── source-map-url@0.4.0
40 silly currentTree ├── source-map@0.5.7
40 silly currentTree ├── sparse-bitfield@3.0.3
40 silly currentTree ├── spawn-command@0.0.2-1
40 silly currentTree ├── spdx-correct@3.0.0
40 silly currentTree ├── spdx-exceptions@2.1.0
40 silly currentTree ├── spdx-expression-parse@3.0.0
40 silly currentTree ├── spdx-license-ids@3.0.1
40 silly currentTree ├─┬ split-string@3.1.0
40 silly currentTree │ ├── extend-shallow@3.0.2
40 silly currentTree │ └── is-extendable@1.0.1
40 silly currentTree ├── split@1.0.1
40 silly currentTree ├── static-extend@0.1.2
40 silly currentTree ├── statuses@1.4.0
40 silly currentTree ├── stream-combiner@0.2.2
40 silly currentTree ├── string_decoder@1.1.1
40 silly currentTree ├─┬ string-width@2.1.1
40 silly currentTree │ ├── ansi-regex@3.0.0
40 silly currentTree │ └── strip-ansi@4.0.0
40 silly currentTree ├── strip-bom@3.0.0
40 silly currentTree ├── strip-eof@1.0.0
40 silly currentTree ├── strip-json-comments@2.0.1
40 silly currentTree ├── supports-color@5.5.0
40 silly currentTree ├── term-size@1.2.0
40 silly currentTree ├── through@2.3.8
40 silly currentTree ├── timed-out@4.0.1
40 silly currentTree ├── to-object-path@0.3.0
40 silly currentTree ├── to-regex-range@2.1.1
40 silly currentTree ├─┬ to-regex@3.0.2
40 silly currentTree │ ├── define-property@2.0.2
40 silly currentTree │ ├── extend-shallow@3.0.2
40 silly currentTree │ └── is-extendable@1.0.1
40 silly currentTree ├── touch@3.1.0
40 silly currentTree ├── tree-kill@1.2.0
40 silly currentTree ├── type-is@1.6.16
40 silly currentTree ├── undefsafe@2.0.2
40 silly currentTree ├─┬ union-value@1.0.0
40 silly currentTree │ └── set-value@0.4.3
40 silly currentTree ├── unique-string@1.0.0
40 silly currentTree ├── unpipe@1.0.0
40 silly currentTree ├─┬ unset-value@1.0.0
40 silly currentTree │ ├─┬ has-value@0.3.1
40 silly currentTree │ │ └── isobject@2.1.0
40 silly currentTree │ └── has-values@0.1.4
40 silly currentTree ├── unzip-response@2.0.1
40 silly currentTree ├── upath@1.1.0
40 silly currentTree ├── update-notifier@2.5.0
40 silly currentTree ├── urix@0.1.0
40 silly currentTree ├── url-parse-lax@1.0.0
40 silly currentTree ├── use@3.1.1
40 silly currentTree ├── util-deprecate@1.0.2
40 silly currentTree ├── utils-merge@1.0.1
40 silly currentTree ├── validate-npm-package-license@3.0.4
40 silly currentTree ├── vary@1.1.2
40 silly currentTree ├── which@1.3.1
40 silly currentTree ├── widest-line@2.0.0
40 silly currentTree ├── write-file-atomic@2.3.0
40 silly currentTree └── xdg-basedir@3.0.0
41 silly idealTree mern@1.0.0
41 silly idealTree ├── abbrev@1.1.1
41 silly idealTree ├── accepts@1.3.5
41 silly idealTree ├── ansi-align@2.0.0
41 silly idealTree ├── ansi-styles@3.2.1
41 silly idealTree ├── anymatch@2.0.0
41 silly idealTree ├── arr-diff@4.0.0
41 silly idealTree ├── arr-flatten@1.1.0
41 silly idealTree ├── arr-union@3.1.0
41 silly idealTree ├── array-filter@0.0.1
41 silly idealTree ├── array-flatten@1.1.1
41 silly idealTree ├── array-map@0.0.0
41 silly idealTree ├── array-reduce@0.0.0
41 silly idealTree ├── array-unique@0.3.2
41 silly idealTree ├── assign-symbols@1.0.0
41 silly idealTree ├── async-each@1.0.1
41 silly idealTree ├── async@2.6.1
41 silly idealTree ├── atob@2.1.2
41 silly idealTree ├── axios@0.16.2
41 silly idealTree ├── babel-polyfill@6.26.0
41 silly idealTree ├─┬ babel-runtime@6.26.0
41 silly idealTree │ └── regenerator-runtime@0.11.1
41 silly idealTree ├── balanced-match@1.0.0
41 silly idealTree ├─┬ base@0.11.2
41 silly idealTree │ └── define-property@1.0.0
41 silly idealTree ├── binary-extensions@1.12.0
41 silly idealTree ├── bluebird@3.5.1
41 silly idealTree ├─┬ body-parser@1.18.3
41 silly idealTree │ ├── iconv-lite@0.4.23
41 silly idealTree │ └── qs@6.5.2
41 silly idealTree ├── boxen@1.3.0
41 silly idealTree ├── brace-expansion@1.1.11
41 silly idealTree ├── braces@2.3.2
41 silly idealTree ├── bson@1.0.9
41 silly idealTree ├── builtin-modules@1.1.1
41 silly idealTree ├── bytes@3.0.0
41 silly idealTree ├── cache-base@1.0.1
41 silly idealTree ├── camelcase@4.1.0
41 silly idealTree ├── capture-stack-trace@1.0.1
41 silly idealTree ├── chalk@2.4.1
41 silly idealTree ├── chokidar@2.0.4
41 silly idealTree ├── ci-info@1.6.0
41 silly idealTree ├── class-utils@0.3.6
41 silly idealTree ├── cli-boxes@1.0.0
41 silly idealTree ├── collection-visit@1.0.0
41 silly idealTree ├── color-convert@1.9.3
41 silly idealTree ├── color-name@1.1.3
41 silly idealTree ├── commander@2.6.0
41 silly idealTree ├── component-emitter@1.2.1
41 silly idealTree ├── concat-map@0.0.1
41 silly idealTree ├─┬ concurrently@3.6.1
41 silly idealTree │ ├── has-flag@1.0.0
41 silly idealTree │ └── supports-color@3.2.3
41 silly idealTree ├── configstore@3.1.2
41 silly idealTree ├── content-disposition@0.5.2
41 silly idealTree ├── content-type@1.0.4
41 silly idealTree ├── cookie-signature@1.0.6
41 silly idealTree ├── cookie@0.3.1
41 silly idealTree ├── copy-descriptor@0.1.1
41 silly idealTree ├── core-js@2.5.7
41 silly idealTree ├── core-util-is@1.0.2
41 silly idealTree ├── create-error-class@3.0.2
41 silly idealTree ├── cross-spawn@5.1.0
41 silly idealTree ├── crypto-random-string@1.0.0
41 silly idealTree ├── date-fns@1.29.0
41 silly idealTree ├── debug@2.6.9
41 silly idealTree ├── decode-uri-component@0.2.0
41 silly idealTree ├── deep-extend@0.6.0
41 silly idealTree ├─┬ define-property@0.2.5
41 silly idealTree │ ├─┬ is-accessor-descriptor@0.1.6
41 silly idealTree │ │ └── kind-of@3.2.2
41 silly idealTree │ ├─┬ is-data-descriptor@0.1.4
41 silly idealTree │ │ └── kind-of@3.2.2
41 silly idealTree │ ├── is-descriptor@0.1.6
41 silly idealTree │ └── kind-of@5.1.0
41 silly idealTree ├── depd@1.1.2
41 silly idealTree ├── destroy@1.0.4
41 silly idealTree ├── dot-prop@4.2.0
41 silly idealTree ├── duplexer@0.1.1
41 silly idealTree ├── duplexer3@0.1.4
41 silly idealTree ├── ee-first@1.1.1
41 silly idealTree ├── encodeurl@1.0.2
41 silly idealTree ├── error-ex@1.3.2
41 silly idealTree ├── escape-html@1.0.3
41 silly idealTree ├── escape-string-regexp@1.0.5
41 silly idealTree ├── etag@1.8.1
41 silly idealTree ├── event-stream@3.3.6
41 silly idealTree ├── execa@0.7.0
41 silly idealTree ├── expand-brackets@2.1.4
41 silly idealTree ├─┬ express@4.16.3
41 silly idealTree │ ├── body-parser@1.18.2
41 silly idealTree │ ├─┬ raw-body@2.3.2
41 silly idealTree │ │ ├── depd@1.1.1
41 silly idealTree │ │ ├── http-errors@1.6.2
41 silly idealTree │ │ ├── setprototypeof@1.0.3
41 silly idealTree │ │ └── statuses@1.5.0
41 silly idealTree │ └── safe-buffer@5.1.1
41 silly idealTree ├── extend-shallow@2.0.1
41 silly idealTree ├─┬ extglob@2.0.4
41 silly idealTree │ └── define-property@1.0.0
41 silly idealTree ├── fill-range@4.0.0
41 silly idealTree ├── finalhandler@1.1.1
41 silly idealTree ├── flatmap-stream@0.1.0
41 silly idealTree ├─┬ follow-redirects@1.5.8
41 silly idealTree │ └── debug@3.1.0
41 silly idealTree ├── for-in@1.0.2
41 silly idealTree ├── forwarded@0.1.2
41 silly idealTree ├── fragment-cache@0.2.1
41 silly idealTree ├── fresh@0.5.2
41 silly idealTree ├── from@0.1.7
41 silly idealTree ├── get-stream@3.0.0
41 silly idealTree ├── get-value@2.0.6
41 silly idealTree ├─┬ glob-parent@3.1.0
41 silly idealTree │ └── is-glob@3.1.0
41 silly idealTree ├── global-dirs@0.1.1
41 silly idealTree ├── got@6.7.1
41 silly idealTree ├── graceful-fs@4.1.11
41 silly idealTree ├── has-flag@3.0.0
41 silly idealTree ├── has-value@1.0.0
41 silly idealTree ├─┬ has-values@1.0.0
41 silly idealTree │ └── kind-of@4.0.0
41 silly idealTree ├── hosted-git-info@2.7.1
41 silly idealTree ├─┬ http-errors@1.6.3
41 silly idealTree │ └── statuses@1.5.0
41 silly idealTree ├── iconv-lite@0.4.19
41 silly idealTree ├── if-env@1.0.4
41 silly idealTree ├── ignore-by-default@1.0.1
41 silly idealTree ├── import-lazy@2.1.0
41 silly idealTree ├── imurmurhash@0.1.4
41 silly idealTree ├── inherits@2.0.3
41 silly idealTree ├── ini@1.3.5
41 silly idealTree ├── ipaddr.js@1.8.0
41 silly idealTree ├─┬ is-accessor-descriptor@1.0.0
41 silly idealTree │ └── kind-of@6.0.2
41 silly idealTree ├── is-arrayish@0.2.1
41 silly idealTree ├── is-binary-path@1.0.1
41 silly idealTree ├── is-buffer@1.1.6
41 silly idealTree ├── is-builtin-module@1.0.0
41 silly idealTree ├── is-ci@1.2.1
41 silly idealTree ├─┬ is-data-descriptor@1.0.0
41 silly idealTree │ └── kind-of@6.0.2
41 silly idealTree ├─┬ is-descriptor@1.0.2
41 silly idealTree │ └── kind-of@6.0.2
41 silly idealTree ├── is-extendable@0.1.1
41 silly idealTree ├── is-extglob@2.1.1
41 silly idealTree ├── is-fullwidth-code-point@2.0.0
41 silly idealTree ├── is-glob@4.0.0
41 silly idealTree ├── is-installed-globally@0.1.0
41 silly idealTree ├── is-npm@1.0.0
41 silly idealTree ├── is-number@3.0.0
41 silly idealTree ├── is-obj@1.0.1
41 silly idealTree ├── is-path-inside@1.0.1
41 silly idealTree ├── is-plain-object@2.0.4
41 silly idealTree ├── is-redirect@1.0.0
41 silly idealTree ├── is-retry-allowed@1.1.0
41 silly idealTree ├── is-stream@1.1.0
41 silly idealTree ├── is-windows@1.0.2
41 silly idealTree ├── isarray@1.0.0
41 silly idealTree ├── isexe@2.0.0
41 silly idealTree ├── isobject@3.0.1
41 silly idealTree ├── js-tokens@4.0.0
41 silly idealTree ├── json-parse-better-errors@1.0.2
41 silly idealTree ├── jsonify@0.0.0
41 silly idealTree ├── kareem@2.2.1
41 silly idealTree ├── kind-of@3.2.2
41 silly idealTree ├── latest-version@3.1.0
41 silly idealTree ├── load-json-file@4.0.0
41 silly idealTree ├── lodash.debounce@4.0.8
41 silly idealTree ├── lodash.get@4.4.2
41 silly idealTree ├── lodash@4.17.11
41 silly idealTree ├── loose-envify@1.4.0
41 silly idealTree ├── lowercase-keys@1.0.1
41 silly idealTree ├─┬ lru-cache@4.1.3
41 silly idealTree │ └── yallist@2.1.2
41 silly idealTree ├── make-dir@1.3.0
41 silly idealTree ├── map-cache@0.2.2
41 silly idealTree ├── map-stream@0.0.7
41 silly idealTree ├── map-visit@1.0.0
41 silly idealTree ├── media-typer@0.3.0
41 silly idealTree ├── memory-pager@1.1.0
41 silly idealTree ├── merge-descriptors@1.0.1
41 silly idealTree ├── methods@1.1.2
41 silly idealTree ├─┬ micromatch@3.1.10
41 silly idealTree │ ├── define-property@2.0.2
41 silly idealTree │ ├── extend-shallow@3.0.2
41 silly idealTree │ ├── is-extendable@1.0.1
41 silly idealTree │ └── kind-of@6.0.2
41 silly idealTree ├── mime-db@1.36.0
41 silly idealTree ├── mime-types@2.1.20
41 silly idealTree ├── mime@1.4.1
41 silly idealTree ├── minimatch@3.0.4
41 silly idealTree ├─┬ mixin-deep@1.3.1
41 silly idealTree │ └── is-extendable@1.0.1
41 silly idealTree ├── moment@2.22.2
41 silly idealTree ├─┬ mongodb-core@3.1.5
41 silly idealTree │ └── bson@1.1.0
41 silly idealTree ├── mongodb@3.1.6
41 silly idealTree ├── mongoose-legacy-pluralize@1.0.2
41 silly idealTree ├── mongoose@5.2.17
41 silly idealTree ├── mpath@0.5.1
41 silly idealTree ├─┬ mquery@3.2.0
41 silly idealTree │ └── debug@3.1.0
41 silly idealTree ├── ms@2.0.0
41 silly idealTree ├─┬ nanomatch@1.2.13
41 silly idealTree │ ├── define-property@2.0.2
41 silly idealTree │ ├── extend-shallow@3.0.2
41 silly idealTree │ ├── is-extendable@1.0.1
41 silly idealTree │ └── kind-of@6.0.2
41 silly idealTree ├── negotiator@0.6.1
41 silly idealTree ├─┬ nodemon@1.18.4
41 silly idealTree │ ├── debug@3.2.5
41 silly idealTree │ └── ms@2.1.1
41 silly idealTree ├── nopt@1.0.10
41 silly idealTree ├── normalize-package-data@2.4.0
41 silly idealTree ├── normalize-path@2.1.1
41 silly idealTree ├── npm-run-all@1.4.0
41 silly idealTree ├── npm-run-path@2.0.2
41 silly idealTree ├── object-assign@4.1.1
41 silly idealTree ├── object-copy@0.1.0
41 silly idealTree ├── object-visit@1.0.1
41 silly idealTree ├── object.pick@1.3.0
41 silly idealTree ├── on-finished@2.3.0
41 silly idealTree ├── p-finally@1.0.0
41 silly idealTree ├── package-json@4.0.1
41 silly idealTree ├── parse-json@4.0.0
41 silly idealTree ├── parseurl@1.3.2
41 silly idealTree ├── pascalcase@0.1.1
41 silly idealTree ├── path-dirname@1.0.2
41 silly idealTree ├── path-is-absolute@1.0.1
41 silly idealTree ├── path-is-inside@1.0.2
41 silly idealTree ├── path-key@2.0.1
41 silly idealTree ├── path-to-regexp@0.1.7
41 silly idealTree ├── path-type@3.0.0
41 silly idealTree ├── pause-stream@0.0.11
41 silly idealTree ├── pify@3.0.0
41 silly idealTree ├── posix-character-classes@0.1.1
41 silly idealTree ├── prepend-http@1.0.4
41 silly idealTree ├── process-nextick-args@2.0.0
41 silly idealTree ├── prop-types@15.7.2
41 silly idealTree ├── proxy-addr@2.0.4
41 silly idealTree ├── ps-tree@1.1.0
41 silly idealTree ├── pseudomap@1.0.2
41 silly idealTree ├── pstree.remy@1.1.0
41 silly idealTree ├── qs@6.5.1
41 silly idealTree ├── range-parser@1.2.0
41 silly idealTree ├─┬ raw-body@2.3.3
41 silly idealTree │ └── iconv-lite@0.4.23
41 silly idealTree ├─┬ rc@1.2.8
41 silly idealTree │ └── minimist@1.2.0
41 silly idealTree ├── react-is@16.10.2
41 silly idealTree ├── react@16.10.2
41 silly idealTree ├── read-pkg@3.0.0
41 silly idealTree ├── readable-stream@2.3.6
41 silly idealTree ├── readdirp@2.2.1
41 silly idealTree ├── regenerator-runtime@0.10.5
41 silly idealTree ├─┬ regex-not@1.0.2
41 silly idealTree │ ├── extend-shallow@3.0.2
41 silly idealTree │ └── is-extendable@1.0.1
41 silly idealTree ├── regexp-clone@0.0.1
41 silly idealTree ├── registry-auth-token@3.3.2
41 silly idealTree ├── registry-url@3.1.0
41 silly idealTree ├── remove-trailing-separator@1.1.0
41 silly idealTree ├── repeat-element@1.1.3
41 silly idealTree ├── repeat-string@1.6.1
41 silly idealTree ├── require_optional@1.0.1
41 silly idealTree ├── resolve-from@2.0.0
41 silly idealTree ├── resolve-url@0.2.1
41 silly idealTree ├── ret@0.1.15
41 silly idealTree ├── rx@2.3.24
41 silly idealTree ├── safe-buffer@5.1.2
41 silly idealTree ├── safe-regex@1.1.0
41 silly idealTree ├── safer-buffer@2.1.2
41 silly idealTree ├── saslprep@1.0.2
41 silly idealTree ├── semver-diff@2.1.0
41 silly idealTree ├── semver@5.5.1
41 silly idealTree ├── send@0.16.2
41 silly idealTree ├── serve-static@1.13.2
41 silly idealTree ├── set-value@2.0.0
41 silly idealTree ├── setprototypeof@1.1.0
41 silly idealTree ├── shebang-command@1.2.0
41 silly idealTree ├── shebang-regex@1.0.0
41 silly idealTree ├── shell-quote@1.6.1
41 silly idealTree ├── signal-exit@3.0.2
41 silly idealTree ├── sliced@1.0.1
41 silly idealTree ├─┬ snapdragon-node@2.1.1
41 silly idealTree │ └── define-property@1.0.0
41 silly idealTree ├── snapdragon-util@3.0.1
41 silly idealTree ├── snapdragon@0.8.2
41 silly idealTree ├── source-map-resolve@0.5.2
41 silly idealTree ├── source-map-url@0.4.0
41 silly idealTree ├── source-map@0.5.7
41 silly idealTree ├── sparse-bitfield@3.0.3
41 silly idealTree ├── spawn-command@0.0.2-1
41 silly idealTree ├── spdx-correct@3.0.0
41 silly idealTree ├── spdx-exceptions@2.1.0
41 silly idealTree ├── spdx-expression-parse@3.0.0
41 silly idealTree ├── spdx-license-ids@3.0.1
41 silly idealTree ├─┬ split-string@3.1.0
41 silly idealTree │ ├── extend-shallow@3.0.2
41 silly idealTree │ └── is-extendable@1.0.1
41 silly idealTree ├── split@1.0.1
41 silly idealTree ├── static-extend@0.1.2
41 silly idealTree ├── statuses@1.4.0
41 silly idealTree ├── stream-combiner@0.2.2
41 silly idealTree ├── string_decoder@1.1.1
41 silly idealTree ├─┬ string-width@2.1.1
41 silly idealTree │ ├── ansi-regex@3.0.0
41 silly idealTree │ └── strip-ansi@4.0.0
41 silly idealTree ├── strip-bom@3.0.0
41 silly idealTree ├── strip-eof@1.0.0
41 silly idealTree ├── strip-json-comments@2.0.1
41 silly idealTree ├── supports-color@5.5.0
41 silly idealTree ├── term-size@1.2.0
41 silly idealTree ├── through@2.3.8
41 silly idealTree ├── timed-out@4.0.1
41 silly idealTree ├── to-object-path@0.3.0
41 silly idealTree ├── to-regex-range@2.1.1
41 silly idealTree ├─┬ to-regex@3.0.2
41 silly idealTree │ ├── define-property@2.0.2
41 silly idealTree │ ├── extend-shallow@3.0.2
41 silly idealTree │ └── is-extendable@1.0.1
41 silly idealTree ├── touch@3.1.0
41 silly idealTree ├── tree-kill@1.2.0
41 silly idealTree ├── type-is@1.6.16
41 silly idealTree ├── undefsafe@2.0.2
41 silly idealTree ├─┬ union-value@1.0.0
41 silly idealTree │ └── set-value@0.4.3
41 silly idealTree ├── unique-string@1.0.0
41 silly idealTree ├── unpipe@1.0.0
41 silly idealTree ├─┬ unset-value@1.0.0
41 silly idealTree │ ├─┬ has-value@0.3.1
41 silly idealTree │ │ └── isobject@2.1.0
41 silly idealTree │ └── has-values@0.1.4
41 silly idealTree ├── unzip-response@2.0.1
41 silly idealTree ├── upath@1.1.0
41 silly idealTree ├── update-notifier@2.5.0
41 silly idealTree ├── urix@0.1.0
41 silly idealTree ├── url-parse-lax@1.0.0
41 silly idealTree ├── use@3.1.1
41 silly idealTree ├── util-deprecate@1.0.2
41 silly idealTree ├── utils-merge@1.0.1
41 silly idealTree ├── validate-npm-package-license@3.0.4
41 silly idealTree ├── vary@1.1.2
41 silly idealTree ├── which@1.3.1
41 silly idealTree ├── widest-line@2.0.0
41 silly idealTree ├── write-file-atomic@2.3.0
41 silly idealTree └── xdg-basedir@3.0.0
42 silly generateActionsToTake Starting
43 silly install generateActionsToTake
44 silly generateActionsToTake Finishing
45 silly diffTrees action count 1
46 silly diffTrees update react@16.10.2
47 silly decomposeActions action count 8
48 silly decomposeActions fetch react@16.10.2
49 silly decomposeActions extract react@16.10.2
50 silly decomposeActions test react@16.10.2
51 silly decomposeActions preinstall react@16.10.2
52 silly decomposeActions build react@16.10.2
53 silly decomposeActions install react@16.10.2
54 silly decomposeActions postinstall react@16.10.2
55 silly decomposeActions finalize react@16.10.2
56 silly executeActions Starting
57 silly install executeActions
58 silly doSerial global-install 0
59 silly doParallel fetch 1
60 verbose lock using /home/chungus/.npm/_locks/staging-8b7574f91eff0377.lock for /mnt/c/Users/chungus/Documents/GitHub/nytReact/node_modules/.staging
61 silly doParallel extract 1
62 silly extract react@16.10.2
63 verbose unbuild node_modules/.staging/react-33c625ca
64 silly gentlyRm /mnt/c/Users/chungus/Documents/GitHub/nytReact/node_modules/.staging/react-33c625ca is being purged from base /mnt/c/Users/chungus/Documents/GitHub/nytReact
65 verbose gentlyRm don't care about contents; nuking /mnt/c/Users/chungus/Documents/GitHub/nytReact/node_modules/.staging/react-33c625ca
66 verbose tar unpack /home/chungus/.npm/react/16.10.2/package.tgz
67 verbose tar unpacking to /mnt/c/Users/chungus/Documents/GitHub/nytReact/node_modules/.staging/react-33c625ca
68 silly gentlyRm /mnt/c/Users/chungus/Documents/GitHub/nytReact/node_modules/.staging/react-33c625ca is being purged
69 verbose gentlyRm don't care about contents; nuking /mnt/c/Users/chungus/Documents/GitHub/nytReact/node_modules/.staging/react-33c625ca
70 silly gunzTarPerm modes [ '777', '666' ]
71 silly gunzTarPerm extractEntry package.json
72 silly gunzTarPerm modified mode [ 'package.json', 420, 438 ]
73 silly gunzTarPerm extractEntry build-info.json
74 silly gunzTarPerm modified mode [ 'build-info.json', 420, 438 ]
75 silly gunzTarPerm extractEntry index.js
76 silly gunzTarPerm modified mode [ 'index.js', 420, 438 ]
77 silly gunzTarPerm extractEntry LICENSE
78 silly gunzTarPerm modified mode [ 'LICENSE', 420, 438 ]
79 silly gunzTarPerm extractEntry README.md
80 silly gunzTarPerm modified mode [ 'README.md', 420, 438 ]
81 silly gunzTarPerm extractEntry cjs/react.development.js
82 silly gunzTarPerm modified mode [ 'cjs/react.development.js', 420, 438 ]
83 silly gunzTarPerm extractEntry cjs/react.production.min.js
84 silly gunzTarPerm modified mode [ 'cjs/react.production.min.js', 420, 438 ]
85 silly gunzTarPerm extractEntry umd/react.development.js
86 silly gunzTarPerm modified mode [ 'umd/react.development.js', 420, 438 ]
87 silly gunzTarPerm extractEntry umd/react.production.min.js
88 silly gunzTarPerm modified mode [ 'umd/react.production.min.js', 420, 438 ]
89 silly gunzTarPerm extractEntry umd/react.profiling.min.js
90 silly gunzTarPerm modified mode [ 'umd/react.profiling.min.js', 420, 438 ]
91 silly gentlyRm /mnt/c/Users/chungus/Documents/GitHub/nytReact/node_modules/.staging/react-33c625ca/node_modules is being purged
92 verbose gentlyRm don't care about contents; nuking /mnt/c/Users/chungus/Documents/GitHub/nytReact/node_modules/.staging/react-33c625ca/node_modules
93 silly doParallel preinstall 1
94 silly preinstall react@16.10.2 /mnt/c/Users/chungus/Documents/GitHub/nytReact/node_modules/.staging/react-33c625ca
95 info lifecycle react@16.10.2~preinstall: react@16.10.2
96 silly lifecycle react@16.10.2~preinstall: no script for preinstall, continuing
97 silly doReverseSerial remove 0
98 silly doSerial move 0
99 silly doSerial finalize 1
100 silly finalize /mnt/c/Users/chungus/Documents/GitHub/nytReact/node_modules/react
101 silly doSerial build 1
102 silly build react@16.10.2
103 info linkStuff react@16.10.2
104 silly linkStuff react@16.10.2 has /mnt/c/Users/chungus/Documents/GitHub/nytReact/node_modules as its parent node_modules
105 verbose linkBins react@16.10.2
106 verbose linkMans react@16.10.2
107 silly doSerial global-link 0
108 silly doParallel update-linked 0
109 silly doSerial install 1
110 silly install react@16.10.2 /mnt/c/Users/chungus/Documents/GitHub/nytReact/node_modules/.staging/react-33c625ca
111 info lifecycle react@16.10.2~install: react@16.10.2
112 silly lifecycle react@16.10.2~install: no script for install, continuing
113 silly doSerial postinstall 1
114 silly postinstall react@16.10.2 /mnt/c/Users/chungus/Documents/GitHub/nytReact/node_modules/.staging/react-33c625ca
115 info lifecycle react@16.10.2~postinstall: react@16.10.2
116 silly lifecycle react@16.10.2~postinstall: no script for postinstall, continuing
117 verbose unlock done using /home/chungus/.npm/_locks/staging-8b7574f91eff0377.lock for /mnt/c/Users/chungus/Documents/GitHub/nytReact/node_modules/.staging
118 silly executeActions Finishing
119 silly rollbackFailedOptional Starting
120 silly rollbackFailedOptional Finishing
121 silly runTopLevelLifecycles Starting
122 silly install runTopLevelLifecycles
123 silly preinstall mern@1.0.0 /mnt/c/Users/chungus/Documents/GitHub/nytReact/mern-8bb14bbc
124 info lifecycle mern@1.0.0~preinstall: mern@1.0.0
125 silly lifecycle mern@1.0.0~preinstall: no script for preinstall, continuing
126 silly build mern@1.0.0
127 info linkStuff mern@1.0.0
128 silly linkStuff mern@1.0.0 has /mnt/c/Users/chungus/Documents/GitHub as its parent node_modules
129 verbose linkBins mern@1.0.0
130 verbose linkMans mern@1.0.0
131 silly install mern@1.0.0 /mnt/c/Users/chungus/Documents/GitHub/nytReact/mern-8bb14bbc
132 info lifecycle mern@1.0.0~install: mern@1.0.0
133 verbose lifecycle mern@1.0.0~install: unsafe-perm in lifecycle true
134 verbose lifecycle mern@1.0.0~install: PATH: /usr/share/npm/bin/node-gyp-bin:/mnt/c/Users/chungus/Documents/GitHub/nytReact/node_modules/.bin:/usr/local/sbin:/usr/local/bin:/usr/sbin:/usr/bin:/sbin:/bin:/usr/games:/usr/local/games:/mnt/c/Windows/system32:/mnt/c/Windows:/mnt/c/Windows/System32/Wbem:/mnt/c/Windows/System32/WindowsPowerShell/v1.0/:/mnt/c/Windows/System32/OpenSSH/:/mnt/c/Users/chungus/AppData/Local/Microsoft/WindowsApps:/mnt/c/Users/chungus/AppData/Local/Programs/Microsoft VS Code/bin:/snap/bin
135 verbose lifecycle mern@1.0.0~install: CWD: /mnt/c/Users/chungus/Documents/GitHub/nytReact
136 silly lifecycle mern@1.0.0~install: Args: [ '-c', 'cd client && yarn install' ]
137 silly lifecycle mern@1.0.0~install: Returned: code: 1  signal: null
138 info lifecycle mern@1.0.0~install: Failed to exec install script
139 warn optional Skipping failed optional dependency /chokidar/fsevents:
140 warn notsup Not compatible with your operating system or architecture: fsevents@1.2.9
141 warn mern@1.0.0 No repository field.
142 verbose stack Error: mern@1.0.0 install: `cd client && yarn install`
142 verbose stack Exit status 1
142 verbose stack     at EventEmitter.<anonymous> (/usr/share/npm/lib/utils/lifecycle.js:232:16)
142 verbose stack     at emitTwo (events.js:126:13)
142 verbose stack     at EventEmitter.emit (events.js:214:7)
142 verbose stack     at ChildProcess.<anonymous> (/usr/share/npm/lib/utils/spawn.js:24:14)
142 verbose stack     at emitTwo (events.js:126:13)
142 verbose stack     at ChildProcess.emit (events.js:214:7)
142 verbose stack     at maybeClose (internal/child_process.js:925:16)
142 verbose stack     at Process.ChildProcess._handle.onexit (internal/child_process.js:209:5)
143 verbose pkgid mern@1.0.0
144 verbose cwd /mnt/c/Users/chungus/Documents/GitHub/nytReact
145 error Linux 4.4.0-18362-Microsoft
146 error argv "/usr/bin/node" "/usr/bin/npm" "install"
147 error node v8.10.0
148 error npm  v3.5.2
149 error code ELIFECYCLE
150 error mern@1.0.0 install: `cd client && yarn install`
150 error Exit status 1
151 error Failed at the mern@1.0.0 install script 'cd client && yarn install'.
151 error Make sure you have the latest version of node.js and npm installed.
151 error If you do, this is most likely a problem with the mern package,
151 error not with npm itself.
151 error Tell the author that this fails on your system:
151 error     cd client && yarn install
151 error You can get information on how to open an issue for this project with:
151 error     npm bugs mern
151 error Or if that isn't available, you can get their info via:
151 error     npm owner ls mern
151 error There is likely additional logging output above.
152 verbose exit [ 1, true ]
